<?xml version="1.0" encoding="UTF-8"?>
<!-- Generated by org.testng.reporters.JUnitReportReporter -->
<testsuite hostname="TTLAPTOP0320" name="com.layout.tests.WelcomePageTest" tests="1" failures="1" timestamp="24 Jul 2017 11:09:40 GMT" time="177.856" errors="0">
  <testcase name="welcomePage_shouldLookGood_onDevice" time="177.856" classname="com.layout.tests.WelcomePageTest">
    <failure type="java.lang.NullPointerException">
      <![CDATA[java.lang.NullPointerException
	at com.layout.components.GenericProperty$TestDevice.toString(GenericProperty.java:67)
	at org.testng.remote.strprotocol.TestResultMessage.toString(TestResultMessage.java:354)
	at org.testng.remote.strprotocol.TestResultMessage.toString(TestResultMessage.java:339)
	at org.testng.remote.strprotocol.TestResultMessage.<init>(TestResultMessage.java:138)
	at org.testng.remote.strprotocol.TestResultMessage.<init>(TestResultMessage.java:148)
	at org.testng.remote.strprotocol.RemoteTestListener1.onTestFailure(RemoteTestListener1.java:68)
	at org.testng.remote.strprotocol.RemoteTestListener1.onConfigurationFailure(RemoteTestListener1.java:98)
	at org.testng.internal.Invoker.runConfigurationListeners(Invoker.java:1874)
	at org.testng.internal.Invoker.handleConfigurationFailure(Invoker.java:334)
	at org.testng.internal.Invoker.invokeConfigurations(Invoker.java:237)
	at org.testng.internal.Invoker.invokeMethod(Invoker.java:653)
	at org.testng.internal.Invoker.invokeTestMethod(Invoker.java:907)
	at org.testng.internal.Invoker.invokeTestMethods(Invoker.java:1237)
	at org.testng.internal.TestMethodWorker.invokeTestMethods(TestMethodWorker.java:127)
	at org.testng.internal.TestMethodWorker.run(TestMethodWorker.java:111)
	at org.testng.TestRunner.privateRun(TestRunner.java:767)
	at org.testng.TestRunner.run(TestRunner.java:617)
	at org.testng.SuiteRunner.runTest(SuiteRunner.java:334)
	at org.testng.SuiteRunner.runSequentially(SuiteRunner.java:329)
	at org.testng.SuiteRunner.privateRun(SuiteRunner.java:291)
	at org.testng.SuiteRunner.run(SuiteRunner.java:240)
	at org.testng.SuiteRunnerWorker.runSuite(SuiteRunnerWorker.java:51)
	at org.testng.SuiteRunnerWorker.run(SuiteRunnerWorker.java:85)
	at org.testng.TestNG.runSuitesSequentially(TestNG.java:1197)
	at org.testng.TestNG.runSuitesLocally(TestNG.java:1122)
	at org.testng.TestNG.run(TestNG.java:1030)
	at org.testng.remote.AbstractRemoteTestNG.run(AbstractRemoteTestNG.java:132)
	at org.testng.remote.RemoteTestNG.initAndRun(RemoteTestNG.java:230)
	at org.testng.remote.RemoteTestNG.main(RemoteTestNG.java:76)
]]>
    </failure>
  </testcase> <!-- welcomePage_shouldLookGood_onDevice -->
</testsuite> <!-- com.layout.tests.WelcomePageTest -->
